1574063144059	mozrunner::runner	INFO	Running command: "C:\\Program Files\\Mozilla Firefox\\firefox.exe" "-marionette" "-headless" "-foreground" "-no-remote" "-profile" "C:\\Users\\ADMINI~1\\AppData\\Local\\Temp\\rust_mozprofileq82yaN"
LdrLoadDll: Blocking load of 'safemon64.dll' -- see http://www.mozilla.com/en-US/blocklist/
LdrLoadDll: Blocking load of 'safemon64.dll' -- see http://www.mozilla.com/en-US/blocklist/
*** You are running in headless mode.
LdrLoadDll: Blocking load of 'safemon64.dll' -- see http://www.mozilla.com/en-US/blocklist/
1574063145755	addons.webextension.screenshots@mozilla.org	WARN	Loading extension 'screenshots@mozilla.org': Reading manifest: Invalid extension permission: mozillaAddons
1574063145755	addons.webextension.screenshots@mozilla.org	WARN	Loading extension 'screenshots@mozilla.org': Reading manifest: Invalid extension permission: telemetry
1574063145755	addons.webextension.screenshots@mozilla.org	WARN	Loading extension 'screenshots@mozilla.org': Reading manifest: Invalid extension permission: resource://pdf.js/
1574063145755	addons.webextension.screenshots@mozilla.org	WARN	Loading extension 'screenshots@mozilla.org': Reading manifest: Invalid extension permission: about:reader*
LdrLoadDll: Blocking load of 'safemon64.dll' -- see http://www.mozilla.com/en-US/blocklist/
LdrLoadDll: Blocking load of 'safemon64.dll' -- see http://www.mozilla.com/en-US/blocklist/
LdrLoadDll: Blocking load of 'safemon64.dll' -- see http://www.mozilla.com/en-US/blocklist/
JavaScript error: resource://gre/modules/XULStore.jsm, line 66: Error: Can't find profile directory.
LdrLoadDll: Blocking load of 'safemon64.dll' -- see http://www.mozilla.com/en-US/blocklist/
LdrLoadDll: Blocking load of 'safemon64.dll' -- see http://www.mozilla.com/en-US/blocklist/
1574063149368	Marionette	INFO	Listening on port 51094
1574063149877	Marionette	WARN	TLS certificate errors will be ignored for this session
JavaScript warning: https://ty.captcha.qq.com/code?siteKey=9WY11WYltbEgYnEIaMhTrkSZqlAPCJzjEbBTyP1cLVkMJWWSB7rQrimq%2F0arQ5A0&Action=GetWebJs, line 1: Error: WebGL warning: getContext: Disallowing antialiased backbuffers due to blacklisting.
JavaScript warning: https://ty.captcha.qq.com/code?siteKey=9WY11WYltbEgYnEIaMhTrkSZqlAPCJzjEbBTyP1cLVkMJWWSB7rQrimq%2F0arQ5A0&Action=GetWebJs, line 1: Error: WebGL warning: <SetDimensions>: Can't use WebGL in headless mode (https://bugzil.la/1375585).
JavaScript warning: https://ty.captcha.qq.com/code?siteKey=9WY11WYltbEgYnEIaMhTrkSZqlAPCJzjEbBTyP1cLVkMJWWSB7rQrimq%2F0arQ5A0&Action=GetWebJs, line 1: Error: WebGL warning: <SetDimensions>: Failed to create WebGL context: WebGL creation failed: 
* Can't use WebGL in headless mode (https://bugzil.la/1375585).
JavaScript warning: https://ty.captcha.qq.com/code?siteKey=9WY11WYltbEgYnEIaMhTrkSZqlAPCJzjEbBTyP1cLVkMJWWSB7rQrimq%2F0arQ5A0&Action=GetWebJs, line 1: Error: WebGL warning: getContext: Disallowing antialiased backbuffers due to blacklisting.
JavaScript warning: https://ty.captcha.qq.com/code?siteKey=9WY11WYltbEgYnEIaMhTrkSZqlAPCJzjEbBTyP1cLVkMJWWSB7rQrimq%2F0arQ5A0&Action=GetWebJs, line 1: Error: WebGL warning: <SetDimensions>: Can't use WebGL in headless mode (https://bugzil.la/1375585).
JavaScript warning: https://ty.captcha.qq.com/code?siteKey=9WY11WYltbEgYnEIaMhTrkSZqlAPCJzjEbBTyP1cLVkMJWWSB7rQrimq%2F0arQ5A0&Action=GetWebJs, line 1: Error: WebGL warning: <SetDimensions>: Failed to create WebGL context: WebGL creation failed: 
* Can't use WebGL in headless mode (https://bugzil.la/1375585).
JavaScript error: , line 0: NS_ERROR_FAILURE
ommand: "C:\\Program Files\\Mozilla Firefox\\firefox.exe" "-marionette" "-headless" "-foreground" "-no-remote" "-profile" "C:\\Users\\ADMINI~1\\AppData\\Local\\Temp\\rust_mozprofilezWFmQP"
LdrLoadDll: Blocking load of 'safemon64.dll' -- see http://www.mozilla.com/en-US/blocklist/
LdrLoadDll: Blocking load of 'safemon64.dll' -- see http://www.mozilla.com/en-US/blocklist/
*** You are running in headless mode.
LdrLoadDll: Blocking load of 'safemon64.dll' -- see http://www.mozilla.com/en-US/blocklist/
1574063176557	addons.webextension.screenshots@mozilla.org	WARN	Loading extension 'screenshots@mozilla.org': Reading manifest: Invalid extension permission: mozillaAddons
1574063176557	addons.webextension.screenshots@mozilla.org	WARN	Loading extension 'screenshots@mozilla.org': Reading manifest: Invalid extension permission: telemetry
1574063176557	addons.webextension.screenshots@mozilla.org	WARN	Loading extension 'screenshots@mozilla.org': Reading manifest: Invalid extension permission: resource://pdf.js/
1574063176557	addons.webextension.screenshots@mozilla.org	WARN	Loading extension 'screenshots@mozilla.org': Reading manifest: Invalid extension permission: about:reader*
LdrLoadDll: Blocking load of 'safemon64.dll' -- see http://www.mozilla.com/en-US/blocklist/
LdrLoadDll: Blocking load of 'safemon64.dll' -- see http://www.mozilla.com/en-US/blocklist/
LdrLoadDll: Blocking load of 'safemon64.dll' -- see http://www.mozilla.com/en-US/blocklist/
JavaScript error: resource://gre/modules/XULStore.jsm, line 66: Error: Can't find profile directory.
[Child 48060, Chrome_ChildThread] WARNING: pipe error: 109: file z:/task_1572401533/build/src/ipc/chromium/src/chrome/common/ipc_channel_win.cc, line 341
[Child 48060, Chrome_ChildThread] WARNING: pipe error: 109: file z:LdrLoadDll: Blocking load of 'safemon64.dll' -- see http://www.mozilla.com/en-US/blocklist/
LdrLoadDll: Blocking load of 'safemon64.dll' -- see http://www.mozilla.com/en-US/blocklist/
1574063184863	Marionette	INFO	Listening on port 51284
1574063185653	Marionette	WARN	TLS certificate errors will be ignored for this session
JavaScript warning: https://ty.captcha.qq.com/code?siteKey=9WY11WYltbEgYnEIaMhTrkSZqlAPCJzjEbBTyP1cLVkMJWWSB7rQrimq%2F0arQ5A0&Action=GetWebJs, line 1: Error: WebGL warning: getContext: Disallowing antialiased backbuffers due to blackliLdrLoadDll: Blocking load of 'safemon64.dll' -- see http://www.mozilla.com/en-US/blocklist/
LdrLoadDll: Blocking load of 'safemon64.dll' -- see http://www.mozilla.com/en-US/blocklist/
*** You are running in headless mode.
LdrLoadDll: Blocking load of 'safemon64.dll' -- see http://www.mozilla.com/en-US/blocklist/
1574063195959	addons.webextension.screenshots@mozilla.org	WARN	Loading extension 'screenshots@mozilla.org': Reading manifest: Invalid extension permission: mozillaAddons
1574063195959	addons.webextension.screenshots@mozilla.org	WARN	Loading extension 'screenshots@mozilla.org': Reading manifest: Invalid extension permission: telemetry
1574063195959	addons.webextension.screenshots@mozilla.org	WARN	Loading extension 'screenshots@mozilla.org': Reading manifest: Invalid extension permission: resource://pdf.js/
1574063195959	addons.webextension.screenshots@mozilla.org	WARN	Loading extension 'screenshots@mozilla.org': Reading manifest: Invalid extension permission: about:reader*
LdrLoadDll: Blocking load of 'safemon64.dll' -- see http://www.mozilla.com/en-US/blocklist/
LdrLoadDll: Blocking load of 'safemon64.dll' -- see http://www.mozilla.com/en-US/blocklist/
LdrLoadDll: Blocking load of 'safemon64.dll' -- see http://www.mozilla.com/en-US/blocklist/
JavaScript error: resource://gre/modules/XULStore.jsm, line 66: Error: Can't find profile directoryJavaScript error: , line 0: NS_ERROR_FAILURE
' -- see http://www.mozilla.com/en-US/blocklist/
LdrLoadDll: Blocking load of 'safemon64.dll' -- see http://www.mozilla.com/en-US/blocklist/
1574063200831	Marionette	INFO	Listening on port 51384
1574063201239	Marionette	WARN	TLS certificate errors will be ignored for this session
JavaScript warning: https://ty.captcha.qq.com/code?siteKey=9WY11WYltbEgYnEIaMhTrkSZqlAPCJzjEbBTyP1cLVkMJWWSB7rQrimq%2F0arQ5A0&Action=GetWebJs, line 1: Error: WebGL warning: getContext: Disallowing antialiased backbuffers due to blacklisting.
JavaScript warning: https://ty.captcha.qq.com/code?siteKey=9WY11WYltbEgYnEIaMhTrkSZqlAPCJzjEbBTyP1cLVkMJWWSB7rQrimq%2F0arQ5A0&Action=GetWebJs, line 1: Error: WebGL warning: <SetDimensions>: Can't use WebGL in headless mode (https://bugzil.la/1375585).
JavaScript warning: https://ty.captcha.qq.com/code?siteKey=9WY11WYltbEgYnEIaMhTrkSZqlAPCJzjEbBTyP1cLVkMJWWSB7rQrimq%2F0arQ5A0&Action=GetWebJs, line 1: Error: WebGL warning: <SetDimensions>: Failed to create WebGL context: WebGL creation failed: 
* Can't use WebGL in headless mode (https://bugzil.la/1375585).
JavaScript warning: https://ty.captcha.qq.com/code?siteKey=9WY11WYltbEgYnEIaMhTrkSZqlAPCJzjEbBTyP1cLVkMJWWSB7rQrimq%2F0arQ5A0&Action=GetWebJs, line 1: Error: WebGL warning: getContext: Disallowing antialiased backbuffers due to blacklisting.
JavaScript warning: https://ty.captcha.qq.com/code?siteKey=9WY11WYltbEgYnEIaMhTrkSZqlAPCJzjEbBTyP1cLVkMJWWSB7rQrimq%2F0arQ5A0&Action=GetWebJs, line 1: Error: WebGL warning: <SetDimensions>: Can't use WebGL in headless mode (https://bugzil.la/1375585).
JavaScript warning: https://ty.captcha.qq.com/code?siteKey=9WY11WYltbEgYnEIaMhTrkSZqlAPCJzjEbBTyP1cLVkMJWWSB7rQrimq%2F0arQ5A0&Action=GetWebJs, line 1: Error: WebGL warning: <SetDimensions>: Failed to create WebGL context: WebGL creation failed: 
* Can't use WebGL in headless mode (https://bugzil.la/1375585).
JavaScript error: , line 0: NS_ERROR_FAILURE
ommand: "C:\\Program Files\\Mozilla Firefox\\firefox.exe" "-marionette" "-headless" "-foreground" "-no-remote" "-profile" "C:\\Users\\ADMINI~1\\AppData\\Local\\Temp\\rust_mozprofile2NRMB0"
LdrLoadDll: Blocking load of 'safemon64.dll' -- see http://www.mozilla.com/en-US/blocklist/
LdrLoadDll: Blocking load of 'safemon64.dll' -- see http://www.mozilla.com/en-US/blocklist/
*** You are running in headless mode.
LdrLoadDll: Blocking load of 'safemon64.dll' -- see http://www.mozilla.com/en-US/blocklist/
1574063227974	addons.webextension.screenshots@mozilla.org	WARN	Loading extension 'screenshots@mozilla.org': Reading manifest: Invalid extension permission: mozillaAddons
1574063227974	addons.webextension.screenshots@mozilla.org	WARN	Loading extension 'screenshots@mozilla.org': Reading manifest: Invalid extension permission: telemetry
1574063227974	addons.webextension.screenshots@mozilla.org	WARN	Loading extension 'screenshots@mozilla.org': Reading manifest: Invalid extension permission: resource://pdf.js/
1574063227974	addons.webextension.screenshots@mozilla.org	WARN	Loading extension 'screenshots@mozilla.org': Reading manifest: Invalid extension permission: about:reader*
LdrLoadDll: Blocking load of 'safemon64.dll' -- see http://www.mozilla.com/en-US/blocklist/
LdrLoadDll: Blocking load of 'safemon64.dll' -- see http://www.mozilla.com/en-US/blocklist/
LdrLoadDll: Blocking load of 'safemon64.dll' -- see http://www.mozilla.com/en-US/blocklist/
JavaScript error: resource://gre/modules/XULStore.jsm, line 66: Error: Can't find profile directory.
LdrLoadDll: Blocking load of 'safemon64.dll' -- see http://www.mozilla.com/en-US/blocklist/
LdrLoadDll: Blocking load of 'safemon64.dll' -- see http://www.mozilla.com/en-US/blocklist/
1574063232332	Marionette	INFO	Listening on port 51625
1574063232614	Marionette	WARN	TLS certificate errors will be ignored for this session
JavaScript warning: https://ty.captcha.qq.com/code?siteKey=9WY11WYltbEgYnEIaMhTrkSZqlAPCJzjEbBTyP1cLVkMJWWSB7rQrimq%2F0arQ5A0&Action=GetWebJs, line 1: Error: WebGL warning: getContext: Disallowing antialiased backbuffers due to blacklisting.
JavaScript warning: https://ty.captcha.qq.com/code?siteKey=9WY11WYltbEgYnEIaMhTrkSZqlAPCJzjEbBTyP1cLVkMJWWSB7rQrimq%2F0arQ5A0&Action=GetWebJs, line 1: Error: WebGL warning: <SetDimensions>: Can't use WebGL in headless mode (https://bugzil.la/1375585).
JavaScript warning: https://ty.captcha.qq.com/code?siteKey=9WY11WYltbEgYnEIaMhTrkSZqlAPCJzjEbBTyP1cLVkMJWWSB7rQrimq%2F0arQ5A0&Action=GetWebJs, line 1: Error: WebGL warning: <SetDimensions>: Failed to create WebGL context: WebGL creation failed: 
* Can't use WebGL in headless mode (https://bugzil.la/1375585).
JavaScript warning: https://ty.captcha.qq.com/code?siteKey=9WY11WYltbEgYnEIaMhTrkSZqlAPCJzjEbBTyP1cLVkMJWWSB7rQrimq%2F0arQ5A0&Action=GetWebJs, line 1: Error: WebGL warning: getContext: Disallowing antialiased backbuffers due to blacklisting.
JavaScript warning: https://ty.captcha.qq.com/code?siteKey=9WY11WYltbEgYnEIaMhTrkSZqlAPCJzjEbBTyP1cLVkMJWWSB7rQrimq%2F0arQ5A0&Action=GetWebJs, line 1: Error: WebGL warning: <SetDimensions>: Can't use WebGL in headless mode (https://bugzil.la/1375585).
JavaScript warning: https://ty.captcha.qq.com/code?siteKey=9WY11WYltbEgYnEIaMhTrkSZqlAPCJzjEbBTyP1cLVkMJWWSB7rQrimq%2F0arQ5A0&Action=GetWebJs, line 1: Error: WebGL warning: <SetDimensions>: Failed to create WebGL context: WebGL creation failed: 
* Can't use WebGL in headless mode (https://bugzil.la/1375585).
JavaScript error: , line 0: NS_ERROR_FAILURE
1574063326573	mozrunner::runner	INFO	Running command: "C:\\Program Files\\Mozilla Firefox\\firefox.exe" "-marionette" "-headless" "-foreground" "-no-remote" "-profile" "C:\\Users\\ADMINI~1\\AppData\\Local\\Temp\\rust_mozprofiles7yfbm"
LdrLoadDll: Blocking load of 'safemon64.dll' -- see http://www.mozilla.com/en-US/blocklist/
LdrLoadDll: Blocking load of 'safemon64.dll' -- see http://www.mozilla.com/en-US/blocklist/
*** You are running in headless mode.
LdrLoadDll: Blocking load of 'safemon64.dll' -- see http://www.mozilla.com/en-US/blocklist/
1574063328917	addons.webextension.screenshots@mozilla.org	WARN	Loading extension 'screenshots@mozilla.org': Reading manifest: Invalid extension permission: mozillaAddons
1574063328917	addons.webextension.screenshots@mozilla.org	WARN	Loading extension 'screenshots@mozilla.org': Reading manifest: Invalid extension permission: telemetry
1574063328917	addons.webextension.screenshots@mozilla.org	WARN	Loading extension 'screenshots@mozilla.org': Reading manifest: Invalid extension permission: resource://pdf.js/
1574063328917	addons.webextension.screenshots@mozilla.org	WARN	Loading extension 'screenshots@mozilla.org': Reading manifest: Invalid extension permission: about:reader*
LdrLoadDll: Blocking load of 'safemon64.dll' -- see http://www.mozilla.com/en-US/blocklist/
LdrLoadDll: Blocking load of 'safemon64.dll' -- see http://www.mozilla.com/en-US/blocklist/
LdrLoadDll: Blocking load of 'safemon64.dll' -- see http://www.mozilla.com/en-US/blocklist/
JavaScript error: resource://gre/modules/XULStore.jsm, line 66: Error: Can't find profile directory.
LdrLoadDll: Blocking load of 'safemon64.dll' -- see http://www.mozilla.com/en-US/blocklist/
LdrLoadDll: Blocking load of 'safemon64.dll' -- see http://www.mozilla.com/en-US/blocklist/
1574063333069	Marionette	INFO	Listening on port 51973
1574063333302	Marionette	WARN	TLS certificate errors will be ignored for this session
JavaScript warning: https://ty.captcha.qq.com/code?siteKey=9WY11WYltbEgYnEIaMhTrkSZqlAPCJzjEbBTyP1cLVkMJWWSB7rQrimq%2F0arQ5A0&Action=GetWebJs, line 1: Error: WebGL warning: getContext: Disallowing antialiased backbuffers due to blacklisting.
JavaScript warning: https://ty.captcha.qq.com/code?siteKey=9WY11WYltbEgYnEIaMhTrkSZqlAPCJzjEbBTyP1cLVkMJWWSB7rQrimq%2F0arQ5A0&Action=GetWebJs, line 1: Error: WebGL warning: <SetDimensions>: Can't use WebGL in headless mode (https://bugzil.la/1375585).
JavaScript warning: https://ty.captcha.qq.com/code?siteKey=9WY11WYltbEgYnEIaMhTrkSZqlAPCJzjEbBTyP1cLVkMJWWSB7rQrimq%2F0arQ5A0&Action=GetWebJs, line 1: Error: WebGL warning: <SetDimensions>: Failed to create WebGL context: WebGL creation failed: 
* Can't use WebGL in headless mode (https://bugzil.la/1375585).
JavaScript warning: https://ty.captcha.qq.com/code?siteKey=9WY11WYltbEgYnEIaMhTrkSZqlAPCJzjEbBTyP1cLVkMJWWSB7rQrimq%2F0arQ5A0&Action=GetWebJs, line 1: Error: WebGL warning: getContext: Disallowing antialiased backbuffers due to blacklisting.
JavaScript warning: https://ty.captcha.qq.com/code?siteKey=9WY11WYltbEgYnEIaMhTrkSZqlAPCJzjEbBTyP1cLVkMJWWSB7rQrimq%2F0arQ5A0&Action=GetWebJs, line 1: Error: WebGL warning: <SetDimensions>: Can't use WebGL in headless mode (https://bugzil.la/1375585).
JavaScript warning: https://ty.captcha.qq.com/code?siteKey=9WY11WYltbEgYnEIaMhTrkSZqlAPCJzjEbBTyP1cLVkMJWWSB7rQrimq%2F0arQ5A0&Action=GetWebJs, line 1: Error: WebGL warning: <SetDimensions>: Failed to create WebGL context: WebGL creation failed: 
* Can't use WebGL in headless mode (https://bugzil.la/1375585).
JavaScript error: , line 0: NS_ERROR_FAILURE
